app/build/intermediates/manifest_merge_blame_file/debug/manifest-merger-blame-debug-report.txt
1<?xml version="1.0" encoding="utf-8"?>
2<manifest xmlns:android="http://schemas.android.com/apk/res/android"
3    package="com.orbteknoloji.ptb"
4    android:versionCode="1"
5    android:versionName="1.0" >
6
7    <uses-sdk
8        android:minSdkVersion="24"
9        android:targetSdkVersion="34" />
10
11    <uses-permission android:name="android.permission.BLUETOOTH" />
11-->src\main\AndroidManifest.xml:5:5-67
11-->src\main\AndroidManifest.xml:5:22-65
12    <uses-permission android:name="android.permission.BLUETOOTH_SCAN" />
12-->src\main\AndroidManifest.xml:6:5-72
12-->src\main\AndroidManifest.xml:6:22-70
13    <uses-permission android:name="android.permission.BLUETOOTH_ADMIN" />
13-->src\main\AndroidManifest.xml:7:5-73
13-->src\main\AndroidManifest.xml:7:22-71
14    <uses-permission android:name="android.permission.ACCESS_FINE_LOCATION" />
14-->src\main\AndroidManifest.xml:8:5-78
14-->src\main\AndroidManifest.xml:8:22-76
15    <uses-permission android:name="android.permission.ACCESS_COARSE_LOCATION" />
15-->src\main\AndroidManifest.xml:9:5-80
15-->src\main\AndroidManifest.xml:9:22-78
16    <uses-permission android:name="android.permission.BLUETOOTH_CONNECT" />
16-->src\main\AndroidManifest.xml:10:5-76
16-->src\main\AndroidManifest.xml:10:22-73
17
18    <uses-feature
18-->src\main\AndroidManifest.xml:11:5-86
19        android:name="android.hardware.bluetooth"
19-->src\main\AndroidManifest.xml:11:19-60
20        android:required="true" />
20-->src\main\AndroidManifest.xml:11:61-84
21
22    <permission
22-->[androidx.core:core:1.9.0] AndroidManifest.xml:22:5-24:47
23        android:name="com.orbteknoloji.ptb.DYNAMIC_RECEIVER_NOT_EXPORTED_PERMISSION"
23-->[androidx.core:core:1.9.0] AndroidManifest.xml:23:9-81
24        android:protectionLevel="signature" />
24-->[androidx.core:core:1.9.0] AndroidManifest.xml:24:9-44
25
26    <uses-permission android:name="com.orbteknoloji.ptb.DYNAMIC_RECEIVER_NOT_EXPORTED_PERMISSION" />
26-->[androidx.core:core:1.9.0] AndroidManifest.xml:26:5-97
26-->[androidx.core:core:1.9.0] AndroidManifest.xml:26:22-94
27
28    <application
28-->src\main\AndroidManifest.xml:13:5-49:19
29        android:allowBackup="true"
29-->src\main\AndroidManifest.xml:14:9-35
30        android:appComponentFactory="androidx.core.app.CoreComponentFactory"
30-->[androidx.core:core:1.9.0] AndroidManifest.xml:28:18-86
31        android:dataExtractionRules="@xml/data_extraction_rules"
31-->src\main\AndroidManifest.xml:15:9-65
32        android:debuggable="true"
33        android:extractNativeLibs="false"
34        android:fullBackupContent="@xml/backup_rules"
34-->src\main\AndroidManifest.xml:16:9-54
35        android:icon="@mipmap/ic_launcher"
35-->src\main\AndroidManifest.xml:17:9-43
36        android:label="@string/app_name"
36-->src\main\AndroidManifest.xml:18:9-41
37        android:roundIcon="@mipmap/ic_launcher_round"
37-->src\main\AndroidManifest.xml:19:9-54
38        android:supportsRtl="true"
38-->src\main\AndroidManifest.xml:20:9-35
39        android:theme="@style/Theme.PTB" >
39-->src\main\AndroidManifest.xml:21:9-41
40        <activity
40-->src\main\AndroidManifest.xml:23:9-33:20
41            android:name="com.orbteknoloji.ptb.main.MainActivity"
41-->src\main\AndroidManifest.xml:24:13-46
42            android:exported="true"
42-->src\main\AndroidManifest.xml:25:13-36
43            android:screenOrientation="locked"
43-->src\main\AndroidManifest.xml:26:13-47
44            android:theme="@style/Fullscreen" >
44-->src\main\AndroidManifest.xml:27:13-46
45            <intent-filter>
45-->src\main\AndroidManifest.xml:28:13-32:29
46                <action android:name="android.intent.action.HOME" />
46-->src\main\AndroidManifest.xml:29:17-69
46-->src\main\AndroidManifest.xml:29:25-66
47
48                <category android:name="android.intent.category.DEFAULT" />
48-->src\main\AndroidManifest.xml:31:17-76
48-->src\main\AndroidManifest.xml:31:27-73
49            </intent-filter>
50        </activity>
51        <activity
51-->src\main\AndroidManifest.xml:34:9-45:20
52            android:name="com.orbteknoloji.ptb.main.SplashActivity"
52-->src\main\AndroidManifest.xml:35:13-48
53            android:exported="true"
53-->src\main\AndroidManifest.xml:37:13-36
54            android:label="@string/app_name"
54-->src\main\AndroidManifest.xml:36:13-45
55            android:screenOrientation="locked"
55-->src\main\AndroidManifest.xml:38:13-47
56            android:theme="@style/Fullscreen" >
56-->src\main\AndroidManifest.xml:39:13-46
57            <intent-filter>
57-->src\main\AndroidManifest.xml:40:13-44:29
58                <action android:name="android.intent.action.MAIN" />
58-->src\main\AndroidManifest.xml:41:17-69
58-->src\main\AndroidManifest.xml:41:25-66
59
60                <category android:name="android.intent.category.LAUNCHER" />
60-->src\main\AndroidManifest.xml:43:17-77
60-->src\main\AndroidManifest.xml:43:27-74
61            </intent-filter>
62        </activity>
63        <activity
63-->src\main\AndroidManifest.xml:46:9-48:40
64            android:name="com.orbteknoloji.ptb.main.AddPlanActivity"
64-->src\main\AndroidManifest.xml:47:13-49
65            android:label="Plan Ekle" />
65-->src\main\AndroidManifest.xml:48:13-38
66
67        <provider
67-->[androidx.emoji2:emoji2:1.2.0] AndroidManifest.xml:24:9-32:20
68            android:name="androidx.startup.InitializationProvider"
68-->[androidx.emoji2:emoji2:1.2.0] AndroidManifest.xml:25:13-67
69            android:authorities="com.orbteknoloji.ptb.androidx-startup"
69-->[androidx.emoji2:emoji2:1.2.0] AndroidManifest.xml:26:13-68
70            android:exported="false" >
70-->[androidx.emoji2:emoji2:1.2.0] AndroidManifest.xml:27:13-37
71            <meta-data
71-->[androidx.emoji2:emoji2:1.2.0] AndroidManifest.xml:29:13-31:52
72                android:name="androidx.emoji2.text.EmojiCompatInitializer"
72-->[androidx.emoji2:emoji2:1.2.0] AndroidManifest.xml:30:17-75
73                android:value="androidx.startup" />
73-->[androidx.emoji2:emoji2:1.2.0] AndroidManifest.xml:31:17-49
74            <meta-data
74-->[androidx.lifecycle:lifecycle-process:2.6.2] AndroidManifest.xml:29:13-31:52
75                android:name="androidx.lifecycle.ProcessLifecycleInitializer"
75-->[androidx.lifecycle:lifecycle-process:2.6.2] AndroidManifest.xml:30:17-78
76                android:value="androidx.startup" />
76-->[androidx.lifecycle:lifecycle-process:2.6.2] AndroidManifest.xml:31:17-49
77            <meta-data
77-->[androidx.profileinstaller:profileinstaller:1.3.0] AndroidManifest.xml:29:13-31:52
78                android:name="androidx.profileinstaller.ProfileInstallerInitializer"
78-->[androidx.profileinstaller:profileinstaller:1.3.0] AndroidManifest.xml:30:17-85
79                android:value="androidx.startup" />
79-->[androidx.profileinstaller:profileinstaller:1.3.0] AndroidManifest.xml:31:17-49
80        </provider>
81
82        <uses-library
82-->[androidx.window:window:1.0.0] AndroidManifest.xml:25:9-27:40
83            android:name="androidx.window.extensions"
83-->[androidx.window:window:1.0.0] AndroidManifest.xml:26:13-54
84            android:required="false" />
84-->[androidx.window:window:1.0.0] AndroidManifest.xml:27:13-37
85        <uses-library
85-->[androidx.window:window:1.0.0] AndroidManifest.xml:28:9-30:40
86            android:name="androidx.window.sidecar"
86-->[androidx.window:window:1.0.0] AndroidManifest.xml:29:13-51
87            android:required="false" />
87-->[androidx.window:window:1.0.0] AndroidManifest.xml:30:13-37
88
89        <receiver
89-->[androidx.profileinstaller:profileinstaller:1.3.0] AndroidManifest.xml:34:9-52:20
90            android:name="androidx.profileinstaller.ProfileInstallReceiver"
90-->[androidx.profileinstaller:profileinstaller:1.3.0] AndroidManifest.xml:35:13-76
91            android:directBootAware="false"
91-->[androidx.profileinstaller:profileinstaller:1.3.0] AndroidManifest.xml:36:13-44
92            android:enabled="true"
92-->[androidx.profileinstaller:profileinstaller:1.3.0] AndroidManifest.xml:37:13-35
93            android:exported="true"
93-->[androidx.profileinstaller:profileinstaller:1.3.0] AndroidManifest.xml:38:13-36
94            android:permission="android.permission.DUMP" >
94-->[androidx.profileinstaller:profileinstaller:1.3.0] AndroidManifest.xml:39:13-57
95            <intent-filter>
95-->[androidx.profileinstaller:profileinstaller:1.3.0] AndroidManifest.xml:40:13-42:29
96                <action android:name="androidx.profileinstaller.action.INSTALL_PROFILE" />
96-->[androidx.profileinstaller:profileinstaller:1.3.0] AndroidManifest.xml:41:17-91
96-->[androidx.profileinstaller:profileinstaller:1.3.0] AndroidManifest.xml:41:25-88
97            </intent-filter>
98            <intent-filter>
98-->[androidx.profileinstaller:profileinstaller:1.3.0] AndroidManifest.xml:43:13-45:29
99                <action android:name="androidx.profileinstaller.action.SKIP_FILE" />
99-->[androidx.profileinstaller:profileinstaller:1.3.0] AndroidManifest.xml:44:17-85
99-->[androidx.profileinstaller:profileinstaller:1.3.0] AndroidManifest.xml:44:25-82
100            </intent-filter>
101            <intent-filter>
101-->[androidx.profileinstaller:profileinstaller:1.3.0] AndroidManifest.xml:46:13-48:29
102                <action android:name="androidx.profileinstaller.action.SAVE_PROFILE" />
102-->[androidx.profileinstaller:profileinstaller:1.3.0] AndroidManifest.xml:47:17-88
102-->[androidx.profileinstaller:profileinstaller:1.3.0] AndroidManifest.xml:47:25-85
103            </intent-filter>
104            <intent-filter>
104-->[androidx.profileinstaller:profileinstaller:1.3.0] AndroidManifest.xml:49:13-51:29
105                <action android:name="androidx.profileinstaller.action.BENCHMARK_OPERATION" />
105-->[androidx.profileinstaller:profileinstaller:1.3.0] AndroidManifest.xml:50:17-95
105-->[androidx.profileinstaller:profileinstaller:1.3.0] AndroidManifest.xml:50:25-92
106            </intent-filter>
107        </receiver>
108    </application>
109
110</manifest>